<?xml version="1.0" encoding="UTF-8"?>
<!-- Generated by org.testng.reporters.JUnitReportReporter -->
<testsuite skipped="0" hostname="WKWIN6962993" name="runner.TestRunner" tests="1" failures="0" timestamp="2020-11-22T18:23:34 IST" time="0.314" errors="0">
  <testcase name="runScenario" time="0.314" classname="runner.TestRunner"/>
  <system-out/>
</testsuite> <!-- runner.TestRunner -->
